e32:TCP connect to 1666:1666 failed.\n알려진 호스트가 없습니다. \n
e32:TCP connect to 1666:1666 failed.\n알려진 호스트가 없습니다. \n
e32:TCP connect to 1666:1666 failed.\n알려진 호스트가 없습니다. \n
e32:TCP connect to 1666:1666 failed.\n알려진 호스트가 없습니다. \n
e32:TCP connect to 1666:1666 failed.\n알려진 호스트가 없습니다. \n
Client 'ReRoad' unknown - use 'client' command to create it.

C:/Users/tjwjd/OneDrive/臾몄꽌/GitHub/graduation-work/ReRoad/ProjectSettings/AudioManager.asset - must create client 'ReRoad' to access local files.

Client 'ReRoad' unknown - use 'client' command to create it.

C:/Users/tjwjd/OneDrive/臾몄꽌/GitHub/graduation-work/ReRoad/ProjectSettings/AudioManager.asset - must create client 'ReRoad' to access local files.

Client 'ReRoad' unknown - use 'client' command to create it.

C:/Users/tjwjd/OneDrive/臾몄꽌/GitHub/graduation-work/ReRoad/ProjectSettings/AudioManager.asset - must create client 'ReRoad' to access local files.

Client 'ReRoad' unknown - use 'client' command to create it.

C:/Users/tjwjd/OneDrive/臾몄꽌/GitHub/graduation-work/ReRoad/ProjectSettings/AudioManager.asset - must create client 'ReRoad' to access local files.

Client 'ReRoad' unknown - use 'client' command to create it.

C:/Users/tjwjd/OneDrive/臾몄꽌/GitHub/graduation-work/ReRoad/ProjectSettings/AudioManager.asset - must create client 'ReRoad' to access local files.

Client 'ReRoad' unknown - use 'client' command to create it.

C:/Users/tjwjd/OneDrive/臾몄꽌/GitHub/graduation-work/ReRoad/ProjectSettings/AudioManager.asset - must create client 'ReRoad' to access local files.

Client 'ReRoad' unknown - use 'client' command to create it.

C:/Users/tjwjd/OneDrive/臾몄꽌/GitHub/graduation-work/ReRoad/ProjectSettings/AudioManager.asset - must create client 'ReRoad' to access local files.

Client 'ReRoad' unknown - use 'client' command to create it.

C:/Users/tjwjd/OneDrive/臾몄꽌/GitHub/graduation-work/ReRoad/ProjectSettings/AudioManager.asset - must create client 'ReRoad' to access local files.

Client 'ReRoad' unknown - use 'client' command to create it.

C:/Users/tjwjd/OneDrive/臾몄꽌/GitHub/graduation-work/ReRoad/ProjectSettings/AudioManager.asset - must create client 'ReRoad' to access local files.

Client 'ReRoad' unknown - use 'client' command to create it.

C:/Users/tjwjd/OneDrive/臾몄꽌/GitHub/graduation-work/ReRoad/ProjectSettings/AudioManager.asset - must create client 'ReRoad' to access local files.

Client 'ReRoad' unknown - use 'client' command to create it.

C:/Users/tjwjd/OneDrive/臾몄꽌/GitHub/graduation-work/ReRoad/ProjectSettings/AudioManager.asset - must create client 'ReRoad' to access local files.

Client 'ReRoad' unknown - use 'client' command to create it.

C:/Users/tjwjd/OneDrive/臾몄꽌/GitHub/graduation-work/ReRoad/ProjectSettings/AudioManager.asset - must create client 'ReRoad' to access local files.

Client 'ReRoad' unknown - use 'client' command to create it.

C:/Users/tjwjd/OneDrive/臾몄꽌/GitHub/graduation-work/ReRoad/ProjectSettings/AudioManager.asset - must create client 'ReRoad' to access local files.

Client 'ReRoad' unknown - use 'client' command to create it.

C:/Users/tjwjd/OneDrive/臾몄꽌/GitHub/graduation-work/ReRoad/ProjectSettings/AudioManager.asset - must create client 'ReRoad' to access local files.

e32:TCP connect to RabbitHole:1666 failed.\n알려진 호스트가 없습니다. \n
e32:TCP connect to RabbitHole:1666 failed.\n알려진 호스트가 없습니다. \n
e32:TCP connect to RabbitHole:1666 failed.\n알려진 호스트가 없습니다. \n
e32:TCP connect to RabbitHole:1666 failed.\n알려진 호스트가 없습니다. \n
e32:TCP connect to RabbitHole:1666 failed.\n알려진 호스트가 없습니다. \n
e32:TCP connect to RabbitHole:1666 failed.\n알려진 호스트가 없습니다. \n
e32:TCP connect to RabbitHole:1666 failed.\n알려진 호스트가 없습니다. \n
e32:TCP connect to localhost:1666 failed.\nconnect: 127.0.0.1:1666: WSAECONNREFUSED\n
e32:TCP connect to Localhost:1666 failed.\nconnect: 127.0.0.1:1666: WSAECONNREFUSED\n
e32:TCP connect to Localhost:1666 failed.\nconnect: 127.0.0.1:1666: WSAECONNREFUSED\n
e32:TCP connect to ESKTOP-TAUAVV9:1666 failed.\n알려진 호스트가 없습니다. \n
e32:TCP connect to ESKTOP-TAUAVV9:1666 failed.\n알려진 호스트가 없습니다. \n
e32:TCP connect to DESKTOP-TAUAVV9:1666 failed.\nconnect: 192.168.0.16:1666: WSAECONNREFUSED\n
e32:TCP connect to 1666:1666 failed.\n알려진 호스트가 없습니다. \n
e32:TCP connect to 1666:1666 failed.\n알려진 호스트가 없습니다. \n
e32:TCP connect to 1666:1666 failed.\n알려진 호스트가 없습니다. \n
e32:TCP connect to 1234:1666 failed.\n알려진 호스트가 없습니다. \n
e32:TCP connect to 1234:1666 failed.\n알려진 호스트가 없습니다. \n
e32:TCP connect to 1234:1666 failed.\n알려진 호스트가 없습니다. \n
e32:TCP connect to DESKTOP-TAUAVV9:1666 failed.\nconnect: 192.168.0.16:1666: WSAECONNREFUSED\n
e32:TCP connect to perforce:1666 failed.\n알려진 호스트가 없습니다. \n
e32:TCP connect to 1234:1666 failed.\n알려진 호스트가 없습니다. \n
e32:TCP connect to 1234:1666 failed.\n알려진 호스트가 없습니다. \n
e32:TCP connect to 1234:1666 failed.\n알려진 호스트가 없습니다. \n
e32:TCP connect to 1234:1666 failed.\n알려진 호스트가 없습니다. \n
e32:TCP connect to 1234:1666 failed.\n알려진 호스트가 없습니다. \n
e32:TCP connect to 1234:1666 failed.\n알려진 호스트가 없습니다. \n
e32:TCP connect to 1234:1666 failed.\n알려진 호스트가 없습니다. \n
e32:TCP connect to 1234:1666 failed.\n알려진 호스트가 없습니다. \n
e32:TCP connect to 1234:1666 failed.\n알려진 호스트가 없습니다. \n
